info t=2017-04-20T11:25:12.479Z Cinnamon.AppSystem.get_default() started in 156 ms
info t=2017-04-20T11:25:12.484Z loading user theme: /usr/share/themes/Linux Mint/cinnamon/cinnamon.css
info t=2017-04-20T11:25:12.504Z added icon directory: /usr/share/themes/Linux Mint/cinnamon
info t=2017-04-20T11:25:12.571Z PlacesManager: Updating devices
info t=2017-04-20T11:25:12.589Z loaded at Thu Apr 20 2017 18:25:12 GMT+0700 (WIB)
info t=2017-04-20T11:25:13.010Z Loaded applet menu@cinnamon.org in 418 ms
info t=2017-04-20T11:25:13.015Z Loaded applet show-desktop@cinnamon.org in 4 ms
info t=2017-04-20T11:25:13.045Z Role locked: panellauncher
info t=2017-04-20T11:25:13.045Z Loaded applet panel-launchers@cinnamon.org in 29 ms
info t=2017-04-20T11:25:13.055Z Loaded applet window-list@cinnamon.org in 9 ms
info t=2017-04-20T11:25:13.063Z Role locked: notifications
info t=2017-04-20T11:25:13.067Z Loaded applet notifications@cinnamon.org in 11 ms
info t=2017-04-20T11:25:13.086Z Loaded applet user@cinnamon.org in 18 ms
info t=2017-04-20T11:25:13.093Z Loaded applet removable-drives@cinnamon.org in 6 ms
info t=2017-04-20T11:25:13.129Z Loaded applet keyboard@cinnamon.org in 35 ms
info t=2017-04-20T11:25:13.191Z Loaded applet network@cinnamon.org in 60 ms
info t=2017-04-20T11:25:13.222Z Loaded applet sound@cinnamon.org in 30 ms
info t=2017-04-20T11:25:13.238Z Loaded applet power@cinnamon.org in 15 ms
info t=2017-04-20T11:25:13.245Z Loaded applet systray@cinnamon.org in 6 ms
info t=2017-04-20T11:25:13.263Z Loaded applet calendar@cinnamon.org in 15 ms
info t=2017-04-20T11:25:13.270Z Loaded applet windows-quick-list@cinnamon.org in 6 ms
info t=2017-04-20T11:25:13.270Z AppletManager.init() started in 680 ms
info t=2017-04-20T11:25:13.273Z Cinnamon took 969 ms to start
info t=2017-04-20T11:25:13.754Z Hiding systray: network
info t=2017-04-20T11:25:13.756Z Adding systray: blueberry-tray.py (24x24px)
info t=2017-04-20T11:25:32.677Z Adding systray: mintupdate.py (24x24px)
info t=2017-04-20T11:26:36.476Z PlacesManager: Updating devices
info t=2017-04-20T11:26:43.715Z PlacesManager: Updating devices
